<?xml version="1.0" encoding="UTF-8"?>
<!-- Generated by org.testng.reporters.JUnitXMLReporter -->
<testsuite ignored="1" hostname="LAPTOP-BG15351H" failures="0" tests="2" name="Test" time="17.188" errors="0" timestamp="2026-06-25T14:15:34 IST">
  <testcase classname="testCase.Register_TC" name="Register" time="2.224"/>
  <testcase classname="testCase.TC002_loginpage" name="login" time="8.514"/>
  <testcase classname="testCase.TC003_logindata" name="loginusingdata" time="0.0">
    <ignored/>
  </testcase> <!-- loginusingdata -->
</testsuite> <!-- Test -->
