<?xml version="1.0" encoding="UTF-8"?>
<testng-results ignored="1" total="3" passed="2" failed="0" skipped="0">
  <reporter-output>
  </reporter-output>
  <suite started-at="2026-06-25T13:58:06 IST" name="Suite" finished-at="2026-06-25T13:58:27 IST" duration-ms="21679">
    <groups>
      <group name="regression">
        <method signature="Register_TC.Register()[pri:0, instance:testCase.Register_TC@724f138e]" name="Register" class="testCase.Register_TC"/>
      </group> <!-- regression -->
      <group name="sanity">
        <method signature="TC002_loginpage.login()[pri:0, instance:testCase.TC002_loginpage@d78795]" name="login" class="testCase.TC002_loginpage"/>
      </group> <!-- sanity -->
      <group name="master">
        <method signature="Register_TC.Register()[pri:0, instance:testCase.Register_TC@724f138e]" name="Register" class="testCase.Register_TC"/>
        <method signature="TC002_loginpage.login()[pri:0, instance:testCase.TC002_loginpage@d78795]" name="login" class="testCase.TC002_loginpage"/>
      </group> <!-- master -->
    </groups>
    <test started-at="2026-06-25T13:58:06 IST" name="Test" finished-at="2026-06-25T13:58:27 IST" duration-ms="21679">
      <class name="testCase.TC002_loginpage">
        <test-method is-config="true" signature="setup(java.lang.String,java.lang.String)[pri:0, instance:testCase.TC002_loginpage@d78795]" started-at="2026-06-25T13:58:17 IST" name="setup" finished-at="2026-06-25T13:58:19 IST" duration-ms="2324" status="PASS">
          <params>
            <param index="0">
              <value>
                <![CDATA[chrome]]>
              </value>
            </param>
            <param index="1">
              <value>
                <![CDATA[windows]]>
              </value>
            </param>
          </params>
          <reporter-output>
          </reporter-output>
        </test-method> <!-- setup -->
        <test-method signature="login()[pri:0, instance:testCase.TC002_loginpage@d78795]" started-at="2026-06-25T13:58:19 IST" name="login" finished-at="2026-06-25T13:58:27 IST" duration-ms="7985" status="PASS">
          <reporter-output>
          </reporter-output>
        </test-method> <!-- login -->
        <test-method is-config="true" signature="closing()[pri:0, instance:testCase.TC002_loginpage@d78795]" started-at="2026-06-25T13:58:27 IST" name="closing" finished-at="2026-06-25T13:58:27 IST" duration-ms="501" status="PASS">
          <reporter-output>
          </reporter-output>
        </test-method> <!-- closing -->
      </class> <!-- testCase.TC002_loginpage -->
      <class name="testCase.Register_TC">
        <test-method is-config="true" signature="setup(java.lang.String,java.lang.String)[pri:0, instance:testCase.Register_TC@724f138e]" started-at="2026-06-25T13:58:07 IST" name="setup" finished-at="2026-06-25T13:58:12 IST" duration-ms="5864" status="PASS">
          <params>
            <param index="0">
              <value>
                <![CDATA[chrome]]>
              </value>
            </param>
            <param index="1">
              <value>
                <![CDATA[windows]]>
              </value>
            </param>
          </params>
          <reporter-output>
          </reporter-output>
        </test-method> <!-- setup -->
        <test-method signature="Register()[pri:0, instance:testCase.Register_TC@724f138e]" started-at="2026-06-25T13:58:12 IST" name="Register" finished-at="2026-06-25T13:58:16 IST" duration-ms="3627" status="PASS">
          <reporter-output>
          </reporter-output>
        </test-method> <!-- Register -->
        <test-method is-config="true" signature="closing()[pri:0, instance:testCase.Register_TC@724f138e]" started-at="2026-06-25T13:58:16 IST" name="closing" finished-at="2026-06-25T13:58:17 IST" duration-ms="421" status="PASS">
          <reporter-output>
          </reporter-output>
        </test-method> <!-- closing -->
      </class> <!-- testCase.Register_TC -->
    </test> <!-- Test -->
  </suite> <!-- Suite -->
</testng-results>
