<?xml version="1.0" encoding="UTF-8"?>
<!-- Generated by org.testng.reporters.JUnitReportReporter -->
<testsuite hostname="LAPTOP-BG15351H" failures="0" tests="3" name="testCase.TC003_logindata" time="26.502" errors="0" timestamp="2026-06-20T17:23:50 IST" skipped="0">
  <testcase classname="testCase.TC003_logindata" name="loginusingdata" time="3.278"/>
  <testcase classname="testCase.TC003_logindata" name="loginusingdata" time="11.335"/>
  <testcase classname="testCase.TC003_logindata" name="loginusingdata" time="11.889"/>
</testsuite> <!-- testCase.TC003_logindata -->
